<?xml version="1.0" encoding="UTF-8"?>
<!-- Generated by org.testng.reporters.JUnitXMLReporter -->
<testsuite hostname="DEL1-LHP-N67666" ignored="0" name="Default test" tests="2" failures="0" timestamp="27 Apr 2020 07:36:16 GMT" time="98.877" errors="0">
  <testcase name="runScenario" time="55.192" classname="io.cucumber.testng.AbstractTestNGCucumberTests"/>
  <testcase name="runScenario" time="42.832" classname="io.cucumber.testng.AbstractTestNGCucumberTests"/>
</testsuite> <!-- Default test -->
