<?xml version="1.0" encoding="UTF-8"?>
<testng-results skipped="0" failed="0" ignored="0" total="2" passed="2">
  <reporter-output>
  </reporter-output>
  <suite name="Default suite" duration-ms="98877" started-at="2020-04-27T07:34:37Z" finished-at="2020-04-27T07:36:16Z">
    <groups>
      <group name="cucumber">
        <method signature="AbstractTestNGCucumberTests.runScenario(io.cucumber.testng.PickleEventWrapper, io.cucumber.testng.CucumberFeatureWrapper)[pri:0, instance:com.hilti.ta.RunCucumberTest@7a52f2a2]" name="runScenario" class="io.cucumber.testng.AbstractTestNGCucumberTests"/>
      </group> <!-- cucumber -->
    </groups>
    <test name="Default test" duration-ms="98877" started-at="2020-04-27T07:34:37Z" finished-at="2020-04-27T07:36:16Z">
      <class name="com.hilti.ta.RunCucumberTest">
        <test-method status="PASS" signature="setUpClass()[pri:0, instance:com.hilti.ta.RunCucumberTest@7a52f2a2]" name="setUpClass" is-config="true" duration-ms="226" started-at="2020-04-27T07:34:37Z" finished-at="2020-04-27T07:34:37Z">
          <reporter-output>
          </reporter-output>
        </test-method> <!-- setUpClass -->
        <test-method status="PASS" signature="runScenario(io.cucumber.testng.PickleEventWrapper, io.cucumber.testng.CucumberFeatureWrapper)[pri:0, instance:com.hilti.ta.RunCucumberTest@7a52f2a2]" name="runScenario" duration-ms="55192" started-at="2020-04-27T07:34:37Z" description="Runs Cucumber Scenarios" data-provider="scenarios" finished-at="2020-04-27T07:35:32Z">
          <params>
            <param index="0">
              <value>
                <![CDATA["Add product to cart and verify cart content."]]>
              </value>
            </param>
            <param index="1">
              <value>
                <![CDATA["Add to cart on product page"]]>
              </value>
            </param>
          </params>
          <reporter-output>
          </reporter-output>
        </test-method> <!-- runScenario -->
        <test-method status="PASS" signature="runScenario(io.cucumber.testng.PickleEventWrapper, io.cucumber.testng.CucumberFeatureWrapper)[pri:0, instance:com.hilti.ta.RunCucumberTest@7a52f2a2]" name="runScenario" duration-ms="42832" started-at="2020-04-27T07:35:32Z" description="Runs Cucumber Scenarios" data-provider="scenarios" finished-at="2020-04-27T07:36:15Z">
          <params>
            <param index="0">
              <value>
                <![CDATA["Add product to cart and verify cart content."]]>
              </value>
            </param>
            <param index="1">
              <value>
                <![CDATA["Add to cart on product page"]]>
              </value>
            </param>
          </params>
          <reporter-output>
          </reporter-output>
        </test-method> <!-- runScenario -->
        <test-method status="PASS" signature="tearDownClass()[pri:0, instance:com.hilti.ta.RunCucumberTest@7a52f2a2]" name="tearDownClass" is-config="true" duration-ms="495" started-at="2020-04-27T07:36:15Z" finished-at="2020-04-27T07:36:16Z">
          <reporter-output>
          </reporter-output>
        </test-method> <!-- tearDownClass -->
      </class> <!-- com.hilti.ta.RunCucumberTest -->
    </test> <!-- Default test -->
  </suite> <!-- Default suite -->
</testng-results>
